<?xml version="1.0" encoding="UTF-8"?>
<!-- Generated by org.testng.reporters.JUnitReportReporter -->
<testsuite hostname="santosh-PC" name="DriverFactory.AppTest" tests="1" failures="0" timestamp="20 Jun 2020 11:44:59 GMT" time="442.368" errors="0">
  <testcase name="kickStart" time="442.368" classname="DriverFactory.AppTest"/>
</testsuite> <!-- DriverFactory.AppTest -->
